 * Serving Flask app 'main' (lazy loading)
 * Environment: production
   WARNING: This is a development server. Do not use it in a production deployment.
   Use a production WSGI server instead.
 * Debug mode: off
 * Running on all addresses.
   WARNING: This is a development server. Do not use it in a production deployment.
 * Running on http://172.31.24.31:5000/ (Press CTRL+C to quit)
 * Serving Flask app 'main' (lazy loading)
 * Environment: production
   WARNING: This is a development server. Do not use it in a production deployment.
   Use a production WSGI server instead.
 * Debug mode: off
Traceback (most recent call last):
  File "main.py", line 60, in <module>
    app.run(host='0.0.0.0',port=5000)
  File "/usr/local/lib/python3.8/dist-packages/flask/app.py", line 922, in run
    run_simple(t.cast(str, host), port, self, **options)
  File "/usr/local/lib/python3.8/dist-packages/werkzeug/serving.py", line 1008, in run_simple
    inner()
  File "/usr/local/lib/python3.8/dist-packages/werkzeug/serving.py", line 948, in inner
    srv = make_server(
  File "/usr/local/lib/python3.8/dist-packages/werkzeug/serving.py", line 780, in make_server
    return ThreadedWSGIServer(
  File "/usr/local/lib/python3.8/dist-packages/werkzeug/serving.py", line 686, in __init__
    super().__init__(server_address, handler)  # type: ignore
  File "/usr/lib/python3.8/socketserver.py", line 452, in __init__
    self.server_bind()
  File "/usr/lib/python3.8/http/server.py", line 138, in server_bind
    socketserver.TCPServer.server_bind(self)
  File "/usr/lib/python3.8/socketserver.py", line 466, in server_bind
    self.socket.bind(self.server_address)
OSError: [Errno 98] Address already in use
116.37.193.122 - - [18/Aug/2021 12:28:18] "GET / HTTP/1.1" 200 -
116.37.193.122 - - [18/Aug/2021 12:28:18] "GET /favicon.ico HTTP/1.1" 404 -
116.37.193.122 - - [18/Aug/2021 12:28:24] "GET /one HTTP/1.1" 200 -
 * Serving Flask app 'main' (lazy loading)
 * Environment: production
   WARNING: This is a development server. Do not use it in a production deployment.
   Use a production WSGI server instead.
 * Debug mode: off
 * Running on all addresses.
   WARNING: This is a development server. Do not use it in a production deployment.
 * Running on http://172.31.24.31:5000/ (Press CTRL+C to quit)
116.37.193.122 - - [18/Aug/2021 12:29:55] "GET / HTTP/1.1" 200 -
116.37.193.122 - - [18/Aug/2021 12:29:59] "GET / HTTP/1.1" 200 -
 * Serving Flask app 'main' (lazy loading)
 * Environment: production
   WARNING: This is a development server. Do not use it in a production deployment.
   Use a production WSGI server instead.
 * Debug mode: off
 * Running on all addresses.
   WARNING: This is a development server. Do not use it in a production deployment.
 * Running on http://172.31.24.31:5000/ (Press CTRL+C to quit)
116.37.193.122 - - [18/Aug/2021 12:30:21] "GET / HTTP/1.1" 200 -
116.37.193.122 - - [18/Aug/2021 12:43:59] "GET / HTTP/1.1" 200 -
